ERROR - 2025-06-11 13:30:51 --> Error connecting to the database: mysqli_sql_exception: Access denied for user 'root'@'localhost' (using password: NO) in /home/abhijith/projects/exp_cert_verify/system/Database/MySQLi/Connection.php:201
Stack trace:
#0 /home/abhijith/projects/exp_cert_verify/system/Database/MySQLi/Connection.php(201): mysqli->real_connect()
#1 /home/abhijith/projects/exp_cert_verify/system/Database/BaseConnection.php(421): CodeIgniter\Database\MySQLi\Connection->connect()
#2 /home/abhijith/projects/exp_cert_verify/system/Database/BaseConnection.php(620): CodeIgniter\Database\BaseConnection->initialize()
#3 /home/abhijith/projects/exp_cert_verify/system/Database/BaseConnection.php(1525): CodeIgniter\Database\BaseConnection->query()
#4 /home/abhijith/projects/exp_cert_verify/system/Database/BaseConnection.php(1545): CodeIgniter\Database\BaseConnection->listTables()
#5 /home/abhijith/projects/exp_cert_verify/system/Database/MigrationRunner.php(768): CodeIgniter\Database\BaseConnection->tableExists()
#6 /home/abhijith/projects/exp_cert_verify/system/Database/MigrationRunner.php(162): CodeIgniter\Database\MigrationRunner->ensureTable()
#7 /home/abhijith/projects/exp_cert_verify/system/Commands/Database/Migrate.php(85): CodeIgniter\Database\MigrationRunner->latest()
#8 /home/abhijith/projects/exp_cert_verify/system/CLI/Commands.php(74): CodeIgniter\Commands\Database\Migrate->run()
#9 /home/abhijith/projects/exp_cert_verify/system/CLI/Console.php(47): CodeIgniter\CLI\Commands->run()
#10 /home/abhijith/projects/exp_cert_verify/system/Boot.php(360): CodeIgniter\CLI\Console->run()
#11 /home/abhijith/projects/exp_cert_verify/system/Boot.php(104): CodeIgniter\Boot::runCommand()
#12 /home/abhijith/projects/exp_cert_verify/spark(87): CodeIgniter\Boot::bootSpark()
#13 {main}

Next CodeIgniter\Database\Exceptions\DatabaseException: Access denied for user '****'@'localhost' (using password: NO) in /home/abhijith/projects/exp_cert_verify/system/Database/MySQLi/Connection.php:246
Stack trace:
#0 /home/abhijith/projects/exp_cert_verify/system/Database/BaseConnection.php(421): CodeIgniter\Database\MySQLi\Connection->connect()
#1 /home/abhijith/projects/exp_cert_verify/system/Database/BaseConnection.php(620): CodeIgniter\Database\BaseConnection->initialize()
#2 /home/abhijith/projects/exp_cert_verify/system/Database/BaseConnection.php(1525): CodeIgniter\Database\BaseConnection->query()
#3 /home/abhijith/projects/exp_cert_verify/system/Database/BaseConnection.php(1545): CodeIgniter\Database\BaseConnection->listTables()
#4 /home/abhijith/projects/exp_cert_verify/system/Database/MigrationRunner.php(768): CodeIgniter\Database\BaseConnection->tableExists()
#5 /home/abhijith/projects/exp_cert_verify/system/Database/MigrationRunner.php(162): CodeIgniter\Database\MigrationRunner->ensureTable()
#6 /home/abhijith/projects/exp_cert_verify/system/Commands/Database/Migrate.php(85): CodeIgniter\Database\MigrationRunner->latest()
#7 /home/abhijith/projects/exp_cert_verify/system/CLI/Commands.php(74): CodeIgniter\Commands\Database\Migrate->run()
#8 /home/abhijith/projects/exp_cert_verify/system/CLI/Console.php(47): CodeIgniter\CLI\Commands->run()
#9 /home/abhijith/projects/exp_cert_verify/system/Boot.php(360): CodeIgniter\CLI\Console->run()
#10 /home/abhijith/projects/exp_cert_verify/system/Boot.php(104): CodeIgniter\Boot::runCommand()
#11 /home/abhijith/projects/exp_cert_verify/spark(87): CodeIgniter\Boot::bootSpark()
#12 {main}
ERROR - 2025-06-11 13:31:48 --> Error connecting to the database: mysqli_sql_exception: Unknown database 'certificate_verification' in /home/abhijith/projects/exp_cert_verify/system/Database/MySQLi/Connection.php:201
Stack trace:
#0 /home/abhijith/projects/exp_cert_verify/system/Database/MySQLi/Connection.php(201): mysqli->real_connect()
#1 /home/abhijith/projects/exp_cert_verify/system/Database/BaseConnection.php(421): CodeIgniter\Database\MySQLi\Connection->connect()
#2 /home/abhijith/projects/exp_cert_verify/system/Database/BaseConnection.php(620): CodeIgniter\Database\BaseConnection->initialize()
#3 /home/abhijith/projects/exp_cert_verify/system/Database/BaseConnection.php(1525): CodeIgniter\Database\BaseConnection->query()
#4 /home/abhijith/projects/exp_cert_verify/system/Database/BaseConnection.php(1545): CodeIgniter\Database\BaseConnection->listTables()
#5 /home/abhijith/projects/exp_cert_verify/system/Database/MigrationRunner.php(768): CodeIgniter\Database\BaseConnection->tableExists()
#6 /home/abhijith/projects/exp_cert_verify/system/Database/MigrationRunner.php(162): CodeIgniter\Database\MigrationRunner->ensureTable()
#7 /home/abhijith/projects/exp_cert_verify/system/Commands/Database/Migrate.php(85): CodeIgniter\Database\MigrationRunner->latest()
#8 /home/abhijith/projects/exp_cert_verify/system/CLI/Commands.php(74): CodeIgniter\Commands\Database\Migrate->run()
#9 /home/abhijith/projects/exp_cert_verify/system/CLI/Console.php(47): CodeIgniter\CLI\Commands->run()
#10 /home/abhijith/projects/exp_cert_verify/system/Boot.php(360): CodeIgniter\CLI\Console->run()
#11 /home/abhijith/projects/exp_cert_verify/system/Boot.php(104): CodeIgniter\Boot::runCommand()
#12 /home/abhijith/projects/exp_cert_verify/spark(87): CodeIgniter\Boot::bootSpark()
#13 {main}

Next CodeIgniter\Database\Exceptions\DatabaseException: Unknown database 'certificate_verification' in /home/abhijith/projects/exp_cert_verify/system/Database/MySQLi/Connection.php:246
Stack trace:
#0 /home/abhijith/projects/exp_cert_verify/system/Database/BaseConnection.php(421): CodeIgniter\Database\MySQLi\Connection->connect()
#1 /home/abhijith/projects/exp_cert_verify/system/Database/BaseConnection.php(620): CodeIgniter\Database\BaseConnection->initialize()
#2 /home/abhijith/projects/exp_cert_verify/system/Database/BaseConnection.php(1525): CodeIgniter\Database\BaseConnection->query()
#3 /home/abhijith/projects/exp_cert_verify/system/Database/BaseConnection.php(1545): CodeIgniter\Database\BaseConnection->listTables()
#4 /home/abhijith/projects/exp_cert_verify/system/Database/MigrationRunner.php(768): CodeIgniter\Database\BaseConnection->tableExists()
#5 /home/abhijith/projects/exp_cert_verify/system/Database/MigrationRunner.php(162): CodeIgniter\Database\MigrationRunner->ensureTable()
#6 /home/abhijith/projects/exp_cert_verify/system/Commands/Database/Migrate.php(85): CodeIgniter\Database\MigrationRunner->latest()
#7 /home/abhijith/projects/exp_cert_verify/system/CLI/Commands.php(74): CodeIgniter\Commands\Database\Migrate->run()
#8 /home/abhijith/projects/exp_cert_verify/system/CLI/Console.php(47): CodeIgniter\CLI\Commands->run()
#9 /home/abhijith/projects/exp_cert_verify/system/Boot.php(360): CodeIgniter\CLI\Console->run()
#10 /home/abhijith/projects/exp_cert_verify/system/Boot.php(104): CodeIgniter\Boot::runCommand()
#11 /home/abhijith/projects/exp_cert_verify/spark(87): CodeIgniter\Boot::bootSpark()
#12 {main}
CRITICAL - 2025-06-11 13:34:29 --> ErrorException: Cannot redeclare class App\Database\Migrations\FixCertificatesTable (previously declared in /home/abhijith/projects/exp_cert_verify/app/Database/Migrations/2024-03-20-000005_fix_certificates_table.php:7)
[Method: CLI, Route: migrate]
in APPPATH/Database/Migrations/2024-03-20-000008_fix_certificates_table.php on line 7.
 1 [internal function]: CodeIgniter\Debug\Exceptions->shutdownHandler()
ERROR - 2025-06-11 14:44:53 --> Error editing certificate: Invalid file: "admin/edit_certificate.php"
ERROR - 2025-06-11 17:30:52 --> Non-POST request to addCertificate
ERROR - 2025-06-11 17:35:59 --> Non-POST request to addCertificate
ERROR - 2025-06-11 17:39:17 --> Invalid request method: POST
DEBUG - 2025-06-11 17:39:38 --> AuthFilter: Checking session data
DEBUG - 2025-06-11 17:39:38 --> Session: Class initialized using 'CodeIgniter\Session\Handlers\FileHandler' driver.
DEBUG - 2025-06-11 17:39:38 --> AuthFilter: Session data = {"__ci_last_regenerate":1749643515,"_ci_previous_url":"http:\/\/localhost:8080\/admin\/dashboard","admin_id":"1","admin_username":"admin","admin_logged_in":true}
DEBUG - 2025-06-11 17:39:38 --> AuthFilter: User is logged in, proceeding
DEBUG - 2025-06-11 17:39:38 --> AdminModel initialized
DEBUG - 2025-06-11 17:39:38 --> Database connection status: Connected
DEBUG - 2025-06-11 17:39:38 --> Loading dashboard with 2 certificates
DEBUG - 2025-06-11 17:40:07 --> AuthFilter: Checking session data
DEBUG - 2025-06-11 17:40:07 --> Session: Class initialized using 'CodeIgniter\Session\Handlers\FileHandler' driver.
DEBUG - 2025-06-11 17:40:07 --> AuthFilter: Session data = {"__ci_last_regenerate":1749643515,"_ci_previous_url":"http:\/\/localhost:8080\/admin\/dashboard","admin_id":"1","admin_username":"admin","admin_logged_in":true}
DEBUG - 2025-06-11 17:40:07 --> AuthFilter: User is logged in, proceeding
DEBUG - 2025-06-11 17:40:07 --> AdminModel initialized
DEBUG - 2025-06-11 17:40:07 --> Database connection status: Connected
DEBUG - 2025-06-11 17:40:07 --> Request Method: POST
DEBUG - 2025-06-11 17:40:07 --> Request Headers: {"Content-Type":{},"Host":{},"User-Agent":{},"Accept":{},"Accept-Language":{},"Accept-Encoding":{},"Referer":{},"X-Requested-With":{},"Content-Length":{},"Origin":{},"Dnt":{},"Sec-Gpc":{},"Connection":{},"Cookie":{},"Sec-Fetch-Dest":{},"Sec-Fetch-Mode":{},"Sec-Fetch-Site":{},"Priority":{}}
ERROR - 2025-06-11 17:40:07 --> Invalid request method: POST
DEBUG - 2025-06-11 17:40:51 --> AuthFilter: Checking session data
DEBUG - 2025-06-11 17:40:51 --> Session: Class initialized using 'CodeIgniter\Session\Handlers\FileHandler' driver.
DEBUG - 2025-06-11 17:40:51 --> AuthFilter: Session data = {"__ci_last_regenerate":1749643851,"_ci_previous_url":"http:\/\/localhost:8080\/admin\/dashboard","admin_id":"1","admin_username":"admin","admin_logged_in":true}
DEBUG - 2025-06-11 17:40:51 --> AuthFilter: User is logged in, proceeding
DEBUG - 2025-06-11 17:40:51 --> AdminModel initialized
DEBUG - 2025-06-11 17:40:51 --> Database connection status: Connected
DEBUG - 2025-06-11 17:40:51 --> Loading dashboard with 2 certificates
DEBUG - 2025-06-11 17:40:53 --> AuthFilter: Checking session data
DEBUG - 2025-06-11 17:40:53 --> Session: Class initialized using 'CodeIgniter\Session\Handlers\FileHandler' driver.
DEBUG - 2025-06-11 17:40:53 --> AuthFilter: Session data = {"__ci_last_regenerate":1749643851,"_ci_previous_url":"http:\/\/localhost:8080\/admin\/dashboard","admin_id":"1","admin_username":"admin","admin_logged_in":true}
DEBUG - 2025-06-11 17:40:53 --> AuthFilter: User is logged in, proceeding
DEBUG - 2025-06-11 17:40:53 --> AdminModel initialized
DEBUG - 2025-06-11 17:40:53 --> Database connection status: Connected
DEBUG - 2025-06-11 17:40:53 --> Viewing certificate: {"id":"1","name":"test1","certificate_number":"test01\/smec\/01","designation":"test1","work_from_date":"2025-06-01","work_to_date":"2025-06-11","image_path":"writable\/uploads\/certificates\/1749634864_71eb44950ae1ae540d86.jpeg","is_verified":"1","created_at":"2025-06-11 09:13:29","updated_at":"2025-06-11 15:11:04"}
DEBUG - 2025-06-11 17:40:58 --> AuthFilter: Checking session data
DEBUG - 2025-06-11 17:40:58 --> Session: Class initialized using 'CodeIgniter\Session\Handlers\FileHandler' driver.
DEBUG - 2025-06-11 17:40:58 --> AuthFilter: Session data = {"__ci_last_regenerate":1749643851,"_ci_previous_url":"http:\/\/localhost:8080\/admin\/view_certificate\/1","admin_id":"1","admin_username":"admin","admin_logged_in":true}
DEBUG - 2025-06-11 17:40:58 --> AuthFilter: User is logged in, proceeding
DEBUG - 2025-06-11 17:40:58 --> AdminModel initialized
DEBUG - 2025-06-11 17:40:58 --> Database connection status: Connected
ERROR - 2025-06-11 17:40:58 --> Non-POST request to editCertificate
DEBUG - 2025-06-11 17:41:02 --> AuthFilter: Checking session data
DEBUG - 2025-06-11 17:41:02 --> Session: Class initialized using 'CodeIgniter\Session\Handlers\FileHandler' driver.
DEBUG - 2025-06-11 17:41:02 --> AuthFilter: Session data = {"__ci_last_regenerate":1749643851,"_ci_previous_url":"http:\/\/localhost:8080\/admin\/view_certificate\/1","admin_id":"1","admin_username":"admin","admin_logged_in":true}
DEBUG - 2025-06-11 17:41:02 --> AuthFilter: User is logged in, proceeding
DEBUG - 2025-06-11 17:41:02 --> AdminModel initialized
DEBUG - 2025-06-11 17:41:02 --> Database connection status: Connected
DEBUG - 2025-06-11 17:41:02 --> Loading dashboard with 2 certificates
DEBUG - 2025-06-11 17:41:29 --> AuthFilter: Checking session data
DEBUG - 2025-06-11 17:41:29 --> Session: Class initialized using 'CodeIgniter\Session\Handlers\FileHandler' driver.
DEBUG - 2025-06-11 17:41:29 --> AuthFilter: Session data = {"__ci_last_regenerate":1749643851,"_ci_previous_url":"http:\/\/localhost:8080\/admin\/dashboard","admin_id":"1","admin_username":"admin","admin_logged_in":true}
DEBUG - 2025-06-11 17:41:29 --> AuthFilter: User is logged in, proceeding
DEBUG - 2025-06-11 17:41:29 --> AdminModel initialized
DEBUG - 2025-06-11 17:41:29 --> Database connection status: Connected
DEBUG - 2025-06-11 17:41:29 --> Loading dashboard with 2 certificates
DEBUG - 2025-06-11 17:41:44 --> AuthFilter: Checking session data
DEBUG - 2025-06-11 17:41:44 --> Session: Class initialized using 'CodeIgniter\Session\Handlers\FileHandler' driver.
DEBUG - 2025-06-11 17:41:44 --> AuthFilter: Session data = {"__ci_last_regenerate":1749643851,"_ci_previous_url":"http:\/\/localhost:8080\/admin\/dashboard","admin_id":"1","admin_username":"admin","admin_logged_in":true}
DEBUG - 2025-06-11 17:41:44 --> AuthFilter: User is logged in, proceeding
DEBUG - 2025-06-11 17:41:44 --> AdminModel initialized
DEBUG - 2025-06-11 17:41:44 --> Database connection status: Connected
DEBUG - 2025-06-11 17:41:44 --> Request Method: POST
DEBUG - 2025-06-11 17:41:44 --> Request Headers: {"Content-Type":{},"Host":{},"User-Agent":{},"Accept":{},"Accept-Language":{},"Accept-Encoding":{},"Referer":{},"X-Requested-With":{},"Content-Length":{},"Origin":{},"Dnt":{},"Sec-Gpc":{},"Connection":{},"Cookie":{},"Sec-Fetch-Dest":{},"Sec-Fetch-Mode":{},"Sec-Fetch-Site":{},"Priority":{}}
DEBUG - 2025-06-11 17:41:44 --> Is AJAX: true
ERROR - 2025-06-11 17:41:44 --> Invalid request method: POST
DEBUG - 2025-06-11 17:43:41 --> AuthFilter: Checking session data
DEBUG - 2025-06-11 17:43:41 --> Session: Class initialized using 'CodeIgniter\Session\Handlers\FileHandler' driver.
DEBUG - 2025-06-11 17:43:41 --> AuthFilter: Session data = {"__ci_last_regenerate":1749643851,"_ci_previous_url":"http:\/\/localhost:8080\/admin\/dashboard","admin_id":"1","admin_username":"admin","admin_logged_in":true}
DEBUG - 2025-06-11 17:43:41 --> AuthFilter: User is logged in, proceeding
DEBUG - 2025-06-11 17:43:41 --> AdminModel initialized
DEBUG - 2025-06-11 17:43:41 --> Database connection status: Connected
DEBUG - 2025-06-11 17:43:41 --> Loading dashboard with 2 certificates
DEBUG - 2025-06-11 17:44:02 --> AuthFilter: Checking session data
DEBUG - 2025-06-11 17:44:02 --> Session: Class initialized using 'CodeIgniter\Session\Handlers\FileHandler' driver.
DEBUG - 2025-06-11 17:44:02 --> AuthFilter: Session data = {"__ci_last_regenerate":1749643851,"_ci_previous_url":"http:\/\/localhost:8080\/admin\/dashboard","admin_id":"1","admin_username":"admin","admin_logged_in":true}
DEBUG - 2025-06-11 17:44:02 --> AuthFilter: User is logged in, proceeding
DEBUG - 2025-06-11 17:44:02 --> AdminModel initialized
DEBUG - 2025-06-11 17:44:02 --> Database connection status: Connected
DEBUG - 2025-06-11 17:44:02 --> Request Method: POST
DEBUG - 2025-06-11 17:44:02 --> Request Headers: {"Content-Type":{},"Host":{},"User-Agent":{},"Accept":{},"Accept-Language":{},"Accept-Encoding":{},"Referer":{},"X-Requested-With":{},"Content-Length":{},"Origin":{},"Dnt":{},"Sec-Gpc":{},"Connection":{},"Cookie":{},"Sec-Fetch-Dest":{},"Sec-Fetch-Mode":{},"Sec-Fetch-Site":{},"Priority":{}}
DEBUG - 2025-06-11 17:44:02 --> Is AJAX: true
ERROR - 2025-06-11 17:44:02 --> Invalid request method: POST
DEBUG - 2025-06-11 17:47:12 --> AuthFilter: Checking session data
DEBUG - 2025-06-11 17:47:12 --> Session: Class initialized using 'CodeIgniter\Session\Handlers\FileHandler' driver.
DEBUG - 2025-06-11 17:47:12 --> AuthFilter: Session data = {"__ci_last_regenerate":1749644232,"_ci_previous_url":"http:\/\/localhost:8080\/admin\/dashboard","admin_id":"1","admin_username":"admin","admin_logged_in":true}
DEBUG - 2025-06-11 17:47:12 --> AuthFilter: User is logged in, proceeding
DEBUG - 2025-06-11 17:47:12 --> AdminModel initialized
DEBUG - 2025-06-11 17:47:12 --> Database connection status: Connected
DEBUG - 2025-06-11 17:47:12 --> Loading dashboard with 2 certificates
DEBUG - 2025-06-11 17:47:27 --> AuthFilter: Checking session data
DEBUG - 2025-06-11 17:47:27 --> Session: Class initialized using 'CodeIgniter\Session\Handlers\FileHandler' driver.
DEBUG - 2025-06-11 17:47:27 --> AuthFilter: Session data = {"__ci_last_regenerate":1749644232,"_ci_previous_url":"http:\/\/localhost:8080\/admin\/dashboard","admin_id":"1","admin_username":"admin","admin_logged_in":true}
DEBUG - 2025-06-11 17:47:27 --> AuthFilter: User is logged in, proceeding
DEBUG - 2025-06-11 17:47:27 --> AdminModel initialized
DEBUG - 2025-06-11 17:47:27 --> Database connection status: Connected
DEBUG - 2025-06-11 17:47:27 --> Request Method: POST
DEBUG - 2025-06-11 17:47:27 --> Request Headers: {"Content-Type":{},"Host":{},"User-Agent":{},"Accept":{},"Accept-Language":{},"Accept-Encoding":{},"Referer":{},"X-Requested-With":{},"Content-Length":{},"Origin":{},"Dnt":{},"Sec-Gpc":{},"Connection":{},"Cookie":{},"Sec-Fetch-Dest":{},"Sec-Fetch-Mode":{},"Sec-Fetch-Site":{},"Priority":{}}
ERROR - 2025-06-11 17:47:27 --> Invalid request method: POST
DEBUG - 2025-06-11 17:48:43 --> AuthFilter: Checking session data
DEBUG - 2025-06-11 17:48:43 --> Session: Class initialized using 'CodeIgniter\Session\Handlers\FileHandler' driver.
DEBUG - 2025-06-11 17:48:43 --> AuthFilter: Session data = {"__ci_last_regenerate":1749644232,"_ci_previous_url":"http:\/\/localhost:8080\/admin\/dashboard","admin_id":"1","admin_username":"admin","admin_logged_in":true}
DEBUG - 2025-06-11 17:48:43 --> AuthFilter: User is logged in, proceeding
DEBUG - 2025-06-11 17:48:43 --> AdminModel initialized
DEBUG - 2025-06-11 17:48:43 --> Database connection status: Connected
DEBUG - 2025-06-11 17:48:43 --> AuthFilter: Checking session data
DEBUG - 2025-06-11 17:48:43 --> Session: Class initialized using 'CodeIgniter\Session\Handlers\FileHandler' driver.
DEBUG - 2025-06-11 17:48:43 --> AuthFilter: Session data = {"__ci_last_regenerate":1749644232,"_ci_previous_url":"http:\/\/localhost:8080\/admin\/dashboard","admin_id":"1","admin_username":"admin","admin_logged_in":true}
DEBUG - 2025-06-11 17:48:43 --> AuthFilter: User is logged in, proceeding
DEBUG - 2025-06-11 17:48:43 --> AdminModel initialized
DEBUG - 2025-06-11 17:48:43 --> Database connection status: Connected
DEBUG - 2025-06-11 17:48:43 --> Loading dashboard with 2 certificates
DEBUG - 2025-06-11 17:51:05 --> AuthFilter: Checking session data
DEBUG - 2025-06-11 17:51:05 --> Session: Class initialized using 'CodeIgniter\Session\Handlers\FileHandler' driver.
DEBUG - 2025-06-11 17:51:05 --> AuthFilter: Session data = {"__ci_last_regenerate":1749644232,"_ci_previous_url":"http:\/\/localhost:8080\/admin\/dashboard","admin_id":"1","admin_username":"admin","admin_logged_in":true}
DEBUG - 2025-06-11 17:51:05 --> AuthFilter: User is logged in, proceeding
DEBUG - 2025-06-11 17:51:05 --> AdminModel initialized
DEBUG - 2025-06-11 17:51:05 --> Database connection status: Connected
DEBUG - 2025-06-11 17:51:05 --> Loading dashboard with 2 certificates
DEBUG - 2025-06-11 17:51:22 --> AuthFilter: Checking session data
DEBUG - 2025-06-11 17:51:22 --> Session: Class initialized using 'CodeIgniter\Session\Handlers\FileHandler' driver.
DEBUG - 2025-06-11 17:51:22 --> AuthFilter: Session data = {"__ci_last_regenerate":1749644232,"_ci_previous_url":"http:\/\/localhost:8080\/admin\/dashboard","admin_id":"1","admin_username":"admin","admin_logged_in":true}
DEBUG - 2025-06-11 17:51:22 --> AuthFilter: User is logged in, proceeding
DEBUG - 2025-06-11 17:51:22 --> AdminModel initialized
DEBUG - 2025-06-11 17:51:22 --> Database connection status: Connected
DEBUG - 2025-06-11 17:51:22 --> AuthFilter: Checking session data
DEBUG - 2025-06-11 17:51:22 --> Session: Class initialized using 'CodeIgniter\Session\Handlers\FileHandler' driver.
DEBUG - 2025-06-11 17:51:22 --> AuthFilter: Session data = {"__ci_last_regenerate":1749644232,"_ci_previous_url":"http:\/\/localhost:8080\/admin\/dashboard","admin_id":"1","admin_username":"admin","admin_logged_in":true}
DEBUG - 2025-06-11 17:51:22 --> AuthFilter: User is logged in, proceeding
DEBUG - 2025-06-11 17:51:22 --> AdminModel initialized
DEBUG - 2025-06-11 17:51:22 --> Database connection status: Connected
DEBUG - 2025-06-11 17:51:22 --> Loading dashboard with 2 certificates
DEBUG - 2025-06-11 17:52:28 --> AuthFilter: Checking session data
DEBUG - 2025-06-11 17:52:28 --> Session: Class initialized using 'CodeIgniter\Session\Handlers\FileHandler' driver.
DEBUG - 2025-06-11 17:52:28 --> AuthFilter: Session data = {"__ci_last_regenerate":1749644548,"_ci_previous_url":"http:\/\/localhost:8080\/admin\/dashboard","admin_id":"1","admin_username":"admin","admin_logged_in":true}
DEBUG - 2025-06-11 17:52:28 --> AuthFilter: User is logged in, proceeding
DEBUG - 2025-06-11 17:52:28 --> AdminModel initialized
DEBUG - 2025-06-11 17:52:28 --> Database connection status: Connected
DEBUG - 2025-06-11 17:52:28 --> Loading dashboard with 2 certificates
DEBUG - 2025-06-11 17:52:28 --> AuthFilter: Checking session data
DEBUG - 2025-06-11 17:52:28 --> Session: Class initialized using 'CodeIgniter\Session\Handlers\FileHandler' driver.
DEBUG - 2025-06-11 17:52:28 --> AuthFilter: Session data = {"__ci_last_regenerate":1749644548,"_ci_previous_url":"http:\/\/localhost:8080\/admin\/dashboard","admin_id":"1","admin_username":"admin","admin_logged_in":true}
DEBUG - 2025-06-11 17:52:28 --> AuthFilter: User is logged in, proceeding
DEBUG - 2025-06-11 17:52:28 --> AdminModel initialized
DEBUG - 2025-06-11 17:52:28 --> Database connection status: Connected
DEBUG - 2025-06-11 17:52:28 --> Loading dashboard with 2 certificates
DEBUG - 2025-06-11 17:52:44 --> AuthFilter: Checking session data
DEBUG - 2025-06-11 17:52:44 --> Session: Class initialized using 'CodeIgniter\Session\Handlers\FileHandler' driver.
DEBUG - 2025-06-11 17:52:44 --> AuthFilter: Session data = {"__ci_last_regenerate":1749644548,"_ci_previous_url":"http:\/\/localhost:8080\/admin\/dashboard","admin_id":"1","admin_username":"admin","admin_logged_in":true}
DEBUG - 2025-06-11 17:52:44 --> AuthFilter: User is logged in, proceeding
DEBUG - 2025-06-11 17:52:44 --> AdminModel initialized
DEBUG - 2025-06-11 17:52:44 --> Database connection status: Connected
DEBUG - 2025-06-11 17:52:44 --> Request Method: POST
DEBUG - 2025-06-11 17:52:44 --> Request Headers: {"Content-Type":{},"Host":{},"User-Agent":{},"Accept":{},"Accept-Language":{},"Accept-Encoding":{},"Content-Length":{},"Origin":{},"Dnt":{},"Sec-Gpc":{},"Connection":{},"Referer":{},"Cookie":{},"Upgrade-Insecure-Requests":{},"Sec-Fetch-Dest":{},"Sec-Fetch-Mode":{},"Sec-Fetch-Site":{},"Sec-Fetch-User":{},"Priority":{}}
DEBUG - 2025-06-11 17:52:44 --> POST Data: {"csrf_test_name":"f21f0c4c8b0627e35bcfe049d7802fa5","_method":"POST","name":"test3","certificate_number":"test2\/smec\/203","designation":"test3","work_from_date":"2025-05-26","work_to_date":"2025-06-05"}
DEBUG - 2025-06-11 17:52:44 --> FILES Data: {"certificate_image":{}}
DEBUG - 2025-06-11 17:52:44 --> Image uploaded successfully: writable/uploads/certificates/1749644564_76e96fa2e05cf985f224.jpeg
DEBUG - 2025-06-11 17:52:44 --> Inserting certificate data: {"name":"test3","certificate_number":"test2\/smec\/203","designation":"test3","work_from_date":"2025-05-26","work_to_date":"2025-06-05","image_path":"writable\/uploads\/certificates\/1749644564_76e96fa2e05cf985f224.jpeg"}
DEBUG - 2025-06-11 17:52:44 --> Certificate added successfully with ID: 3
DEBUG - 2025-06-11 17:52:44 --> AuthFilter: Checking session data
DEBUG - 2025-06-11 17:52:44 --> Session: Class initialized using 'CodeIgniter\Session\Handlers\FileHandler' driver.
DEBUG - 2025-06-11 17:52:44 --> AuthFilter: Session data = {"__ci_last_regenerate":1749644548,"_ci_previous_url":"http:\/\/localhost:8080\/admin\/dashboard","admin_id":"1","admin_username":"admin","admin_logged_in":true}
DEBUG - 2025-06-11 17:52:44 --> AuthFilter: User is logged in, proceeding
DEBUG - 2025-06-11 17:52:44 --> AdminModel initialized
DEBUG - 2025-06-11 17:52:44 --> Database connection status: Connected
DEBUG - 2025-06-11 17:52:44 --> Loading dashboard with 3 certificates
DEBUG - 2025-06-11 17:52:49 --> AuthFilter: Checking session data
DEBUG - 2025-06-11 17:52:49 --> Session: Class initialized using 'CodeIgniter\Session\Handlers\FileHandler' driver.
DEBUG - 2025-06-11 17:52:49 --> AuthFilter: Session data = {"__ci_last_regenerate":1749644548,"_ci_previous_url":"http:\/\/localhost:8080\/admin\/dashboard","admin_id":"1","admin_username":"admin","admin_logged_in":true}
DEBUG - 2025-06-11 17:52:49 --> AuthFilter: User is logged in, proceeding
DEBUG - 2025-06-11 17:52:49 --> AdminModel initialized
DEBUG - 2025-06-11 17:52:49 --> Database connection status: Connected
DEBUG - 2025-06-11 17:52:49 --> Viewing certificate: {"id":"3","name":"test3","certificate_number":"test2\/smec\/203","designation":"test3","work_from_date":"2025-05-26","work_to_date":"2025-06-05","image_path":"writable\/uploads\/certificates\/1749644564_76e96fa2e05cf985f224.jpeg","is_verified":"0","created_at":"2025-06-11 17:52:44","updated_at":"2025-06-11 17:52:44"}
DEBUG - 2025-06-11 17:53:07 --> AuthFilter: Checking session data
DEBUG - 2025-06-11 17:53:07 --> Session: Class initialized using 'CodeIgniter\Session\Handlers\FileHandler' driver.
DEBUG - 2025-06-11 17:53:07 --> AuthFilter: Session data = {"__ci_last_regenerate":1749644548,"_ci_previous_url":"http:\/\/localhost:8080\/admin\/view_certificate\/3","admin_id":"1","admin_username":"admin","admin_logged_in":true}
DEBUG - 2025-06-11 17:53:07 --> AuthFilter: User is logged in, proceeding
DEBUG - 2025-06-11 17:53:07 --> AdminModel initialized
DEBUG - 2025-06-11 17:53:07 --> Database connection status: Connected
DEBUG - 2025-06-11 17:53:07 --> Loading dashboard with 3 certificates
DEBUG - 2025-06-11 17:53:15 --> AuthFilter: Checking session data
DEBUG - 2025-06-11 17:53:15 --> Session: Class initialized using 'CodeIgniter\Session\Handlers\FileHandler' driver.
DEBUG - 2025-06-11 17:53:15 --> AuthFilter: Session data = {"__ci_last_regenerate":1749644548,"_ci_previous_url":"http:\/\/localhost:8080\/admin\/dashboard","admin_id":"1","admin_username":"admin","admin_logged_in":true}
DEBUG - 2025-06-11 17:53:15 --> AuthFilter: User is logged in, proceeding
DEBUG - 2025-06-11 17:53:15 --> AdminModel initialized
DEBUG - 2025-06-11 17:53:15 --> Database connection status: Connected
DEBUG - 2025-06-11 17:53:15 --> Viewing certificate: {"id":"2","name":"test2","certificate_number":"test02\/smec\/02","designation":"test2","work_from_date":"2025-06-01","work_to_date":"2025-06-11","image_path":"writable\/uploads\/certificates\/1.jpeg","is_verified":"1","created_at":"2025-06-11 09:13:29","updated_at":"2025-06-11 14:55:34"}
DEBUG - 2025-06-11 17:53:21 --> AuthFilter: Checking session data
DEBUG - 2025-06-11 17:53:21 --> Session: Class initialized using 'CodeIgniter\Session\Handlers\FileHandler' driver.
DEBUG - 2025-06-11 17:53:21 --> AuthFilter: Session data = {"__ci_last_regenerate":1749644548,"_ci_previous_url":"http:\/\/localhost:8080\/admin\/view_certificate\/2","admin_id":"1","admin_username":"admin","admin_logged_in":true}
DEBUG - 2025-06-11 17:53:21 --> AuthFilter: User is logged in, proceeding
DEBUG - 2025-06-11 17:53:21 --> AdminModel initialized
DEBUG - 2025-06-11 17:53:21 --> Database connection status: Connected
ERROR - 2025-06-11 17:53:21 --> Non-POST request to editCertificate
DEBUG - 2025-06-11 17:54:04 --> AuthFilter: Checking session data
DEBUG - 2025-06-11 17:54:04 --> Session: Class initialized using 'CodeIgniter\Session\Handlers\FileHandler' driver.
DEBUG - 2025-06-11 17:54:04 --> AuthFilter: Session data = {"__ci_last_regenerate":1749644548,"_ci_previous_url":"http:\/\/localhost:8080\/admin\/view_certificate\/2","admin_id":"1","admin_username":"admin","admin_logged_in":true}
DEBUG - 2025-06-11 17:54:04 --> AuthFilter: User is logged in, proceeding
DEBUG - 2025-06-11 17:54:04 --> AdminModel initialized
DEBUG - 2025-06-11 17:54:04 --> Database connection status: Connected
DEBUG - 2025-06-11 17:54:04 --> Loading dashboard with 3 certificates
DEBUG - 2025-06-11 17:54:30 --> AuthFilter: Checking session data
DEBUG - 2025-06-11 17:54:30 --> Session: Class initialized using 'CodeIgniter\Session\Handlers\FileHandler' driver.
DEBUG - 2025-06-11 17:54:30 --> AuthFilter: Session data = {"__ci_last_regenerate":1749644548,"_ci_previous_url":"http:\/\/localhost:8080\/admin\/dashboard","admin_id":"1","admin_username":"admin","admin_logged_in":true}
DEBUG - 2025-06-11 17:54:30 --> AuthFilter: User is logged in, proceeding
DEBUG - 2025-06-11 17:54:30 --> AdminModel initialized
DEBUG - 2025-06-11 17:54:30 --> Database connection status: Connected
DEBUG - 2025-06-11 17:54:30 --> Request Method: POST
DEBUG - 2025-06-11 17:54:30 --> Request Headers: {"Content-Type":{},"Host":{},"User-Agent":{},"Accept":{},"Accept-Language":{},"Accept-Encoding":{},"Content-Length":{},"Origin":{},"Dnt":{},"Sec-Gpc":{},"Connection":{},"Referer":{},"Cookie":{},"Upgrade-Insecure-Requests":{},"Sec-Fetch-Dest":{},"Sec-Fetch-Mode":{},"Sec-Fetch-Site":{},"Sec-Fetch-User":{},"Priority":{}}
DEBUG - 2025-06-11 17:54:30 --> POST Data: {"csrf_test_name":"f21f0c4c8b0627e35bcfe049d7802fa5","_method":"POST","name":"test30","certificate_number":"test2\/smec\/2030","designation":"test30","work_from_date":"2024-12-04","work_to_date":"2025-06-19"}
DEBUG - 2025-06-11 17:54:30 --> FILES Data: {"certificate_image":{}}
DEBUG - 2025-06-11 17:54:30 --> Image uploaded successfully: writable/uploads/certificates/1749644670_2f1c01f74936416cf332.jpeg
DEBUG - 2025-06-11 17:54:30 --> Inserting certificate data: {"name":"test30","certificate_number":"test2\/smec\/2030","designation":"test30","work_from_date":"2024-12-04","work_to_date":"2025-06-19","image_path":"writable\/uploads\/certificates\/1749644670_2f1c01f74936416cf332.jpeg"}
DEBUG - 2025-06-11 17:54:30 --> Certificate added successfully with ID: 4
DEBUG - 2025-06-11 17:54:30 --> AuthFilter: Checking session data
DEBUG - 2025-06-11 17:54:30 --> Session: Class initialized using 'CodeIgniter\Session\Handlers\FileHandler' driver.
DEBUG - 2025-06-11 17:54:30 --> AuthFilter: Session data = {"__ci_last_regenerate":1749644548,"_ci_previous_url":"http:\/\/localhost:8080\/admin\/dashboard","admin_id":"1","admin_username":"admin","admin_logged_in":true}
DEBUG - 2025-06-11 17:54:30 --> AuthFilter: User is logged in, proceeding
DEBUG - 2025-06-11 17:54:30 --> AdminModel initialized
DEBUG - 2025-06-11 17:54:30 --> Database connection status: Connected
DEBUG - 2025-06-11 17:54:30 --> Loading dashboard with 4 certificates
DEBUG - 2025-06-11 17:54:56 --> AuthFilter: Checking session data
DEBUG - 2025-06-11 17:54:56 --> Session: Class initialized using 'CodeIgniter\Session\Handlers\FileHandler' driver.
DEBUG - 2025-06-11 17:54:56 --> AuthFilter: Session data = {"__ci_last_regenerate":1749644548,"_ci_previous_url":"http:\/\/localhost:8080\/admin\/dashboard","admin_id":"1","admin_username":"admin","admin_logged_in":true}
DEBUG - 2025-06-11 17:54:56 --> AuthFilter: User is logged in, proceeding
DEBUG - 2025-06-11 17:54:56 --> AdminModel initialized
DEBUG - 2025-06-11 17:54:56 --> Database connection status: Connected
DEBUG - 2025-06-11 17:54:56 --> Loading dashboard with 4 certificates
DEBUG - 2025-06-11 17:54:58 --> AuthFilter: Checking session data
DEBUG - 2025-06-11 17:54:58 --> Session: Class initialized using 'CodeIgniter\Session\Handlers\FileHandler' driver.
DEBUG - 2025-06-11 17:54:58 --> AuthFilter: Session data = {"__ci_last_regenerate":1749644548,"_ci_previous_url":"http:\/\/localhost:8080\/admin\/dashboard","admin_id":"1","admin_username":"admin","admin_logged_in":true}
DEBUG - 2025-06-11 17:54:58 --> AuthFilter: User is logged in, proceeding
DEBUG - 2025-06-11 17:54:58 --> AdminModel initialized
DEBUG - 2025-06-11 17:54:58 --> Database connection status: Connected
DEBUG - 2025-06-11 17:54:58 --> Loading dashboard with 4 certificates
DEBUG - 2025-06-11 17:55:00 --> AuthFilter: Checking session data
DEBUG - 2025-06-11 17:55:00 --> Session: Class initialized using 'CodeIgniter\Session\Handlers\FileHandler' driver.
DEBUG - 2025-06-11 17:55:00 --> AuthFilter: Session data = {"__ci_last_regenerate":1749644548,"_ci_previous_url":"http:\/\/localhost:8080\/admin\/dashboard","admin_id":"1","admin_username":"admin","admin_logged_in":true}
DEBUG - 2025-06-11 17:55:00 --> AuthFilter: User is logged in, proceeding
DEBUG - 2025-06-11 17:55:00 --> AdminModel initialized
DEBUG - 2025-06-11 17:55:00 --> Database connection status: Connected
DEBUG - 2025-06-11 17:55:00 --> Viewing certificate: {"id":"3","name":"test3","certificate_number":"test2\/smec\/203","designation":"test3","work_from_date":"2025-05-26","work_to_date":"2025-06-05","image_path":"writable\/uploads\/certificates\/1749644564_76e96fa2e05cf985f224.jpeg","is_verified":"0","created_at":"2025-06-11 17:52:44","updated_at":"2025-06-11 17:52:44"}
DEBUG - 2025-06-11 17:55:07 --> AuthFilter: Checking session data
DEBUG - 2025-06-11 17:55:07 --> Session: Class initialized using 'CodeIgniter\Session\Handlers\FileHandler' driver.
DEBUG - 2025-06-11 17:55:07 --> AuthFilter: Session data = {"__ci_last_regenerate":1749644548,"_ci_previous_url":"http:\/\/localhost:8080\/admin\/view_certificate\/3","admin_id":"1","admin_username":"admin","admin_logged_in":true}
DEBUG - 2025-06-11 17:55:07 --> AuthFilter: User is logged in, proceeding
DEBUG - 2025-06-11 17:55:07 --> AdminModel initialized
DEBUG - 2025-06-11 17:55:07 --> Database connection status: Connected
DEBUG - 2025-06-11 17:55:07 --> Request Method: POST
DEBUG - 2025-06-11 17:55:07 --> Request Headers: {"Content-Type":{},"Host":{},"User-Agent":{},"Accept":{},"Accept-Language":{},"Accept-Encoding":{},"Referer":{},"X-Requested-With":{},"Content-Length":{},"Origin":{},"Dnt":{},"Sec-Gpc":{},"Connection":{},"Cookie":{},"Sec-Fetch-Dest":{},"Sec-Fetch-Mode":{},"Sec-Fetch-Site":{},"Priority":{}}
DEBUG - 2025-06-11 17:55:07 --> POST Data: {"csrf_test_name":"f21f0c4c8b0627e35bcfe049d7802fa5","id":"3","name":"test3","certificate_number":"test2\/smec\/203","designation":"test3235","work_from_date":"2025-05-26","work_to_date":"2025-06-05"}
DEBUG - 2025-06-11 17:55:07 --> FILES Data: {"certificate_image":{}}
DEBUG - 2025-06-11 17:55:07 --> Updating certificate data: {"name":"test3","certificate_number":"test2\/smec\/203","designation":"test3235","work_from_date":"2025-05-26","work_to_date":"2025-06-05","image_path":"writable\/uploads\/certificates\/1749644564_76e96fa2e05cf985f224.jpeg"}
DEBUG - 2025-06-11 17:55:07 --> Certificate updated successfully
DEBUG - 2025-06-11 17:55:07 --> AuthFilter: Checking session data
DEBUG - 2025-06-11 17:55:07 --> Session: Class initialized using 'CodeIgniter\Session\Handlers\FileHandler' driver.
DEBUG - 2025-06-11 17:55:07 --> AuthFilter: Session data = {"__ci_last_regenerate":1749644548,"_ci_previous_url":"http:\/\/localhost:8080\/admin\/view_certificate\/3","admin_id":"1","admin_username":"admin","admin_logged_in":true}
DEBUG - 2025-06-11 17:55:07 --> AuthFilter: User is logged in, proceeding
DEBUG - 2025-06-11 17:55:07 --> AdminModel initialized
DEBUG - 2025-06-11 17:55:07 --> Database connection status: Connected
DEBUG - 2025-06-11 17:55:07 --> Loading dashboard with 4 certificates
DEBUG - 2025-06-11 17:55:17 --> AuthFilter: Checking session data
DEBUG - 2025-06-11 17:55:17 --> Session: Class initialized using 'CodeIgniter\Session\Handlers\FileHandler' driver.
DEBUG - 2025-06-11 17:55:17 --> AuthFilter: Session data = {"__ci_last_regenerate":1749644548,"_ci_previous_url":"http:\/\/localhost:8080\/admin\/view_certificate\/3","admin_id":"1","admin_username":"admin","admin_logged_in":true}
DEBUG - 2025-06-11 17:55:17 --> AuthFilter: User is logged in, proceeding
DEBUG - 2025-06-11 17:55:17 --> AdminModel initialized
DEBUG - 2025-06-11 17:55:17 --> Database connection status: Connected
DEBUG - 2025-06-11 17:55:17 --> Loading dashboard with 4 certificates
DEBUG - 2025-06-11 17:55:32 --> AuthFilter: Checking session data
DEBUG - 2025-06-11 17:55:32 --> Session: Class initialized using 'CodeIgniter\Session\Handlers\FileHandler' driver.
DEBUG - 2025-06-11 17:55:32 --> AuthFilter: Session data = {"__ci_last_regenerate":1749644548,"_ci_previous_url":"http:\/\/localhost:8080\/admin\/dashboard","admin_id":"1","admin_username":"admin","admin_logged_in":true}
DEBUG - 2025-06-11 17:55:32 --> AuthFilter: User is logged in, proceeding
DEBUG - 2025-06-11 17:55:32 --> AdminModel initialized
DEBUG - 2025-06-11 17:55:32 --> Database connection status: Connected
DEBUG - 2025-06-11 17:55:32 --> Request Method: POST
DEBUG - 2025-06-11 17:55:32 --> Request Headers: {"Content-Type":{},"Host":{},"User-Agent":{},"Accept":{},"Accept-Language":{},"Accept-Encoding":{},"Content-Length":{},"Origin":{},"Dnt":{},"Sec-Gpc":{},"Connection":{},"Referer":{},"Cookie":{},"Upgrade-Insecure-Requests":{},"Sec-Fetch-Dest":{},"Sec-Fetch-Mode":{},"Sec-Fetch-Site":{},"Sec-Fetch-User":{},"Priority":{}}
DEBUG - 2025-06-11 17:55:32 --> POST Data: {"csrf_test_name":"f21f0c4c8b0627e35bcfe049d7802fa5","_method":"POST","name":"a","certificate_number":"a","designation":"a","work_from_date":"2025-06-09","work_to_date":"2025-06-11"}
DEBUG - 2025-06-11 17:55:32 --> FILES Data: {"certificate_image":{}}
DEBUG - 2025-06-11 17:55:32 --> Image uploaded successfully: writable/uploads/certificates/1749644732_0015d9f9b1c1c938286b.jpeg
DEBUG - 2025-06-11 17:55:32 --> Inserting certificate data: {"name":"a","certificate_number":"a","designation":"a","work_from_date":"2025-06-09","work_to_date":"2025-06-11","image_path":"writable\/uploads\/certificates\/1749644732_0015d9f9b1c1c938286b.jpeg"}
ERROR - 2025-06-11 17:55:32 --> Failed to insert certificate: {"name":"Name must be at least 3 characters long","certificate_number":"Certificate number must be at least 3 characters long","designation":"Designation must be at least 3 characters long"}
DEBUG - 2025-06-11 17:55:32 --> AuthFilter: Checking session data
DEBUG - 2025-06-11 17:55:32 --> Session: Class initialized using 'CodeIgniter\Session\Handlers\FileHandler' driver.
DEBUG - 2025-06-11 17:55:32 --> AuthFilter: Session data = {"__ci_last_regenerate":1749644548,"_ci_previous_url":"http:\/\/localhost:8080\/admin\/dashboard","admin_id":"1","admin_username":"admin","admin_logged_in":true}
DEBUG - 2025-06-11 17:55:32 --> AuthFilter: User is logged in, proceeding
DEBUG - 2025-06-11 17:55:32 --> AdminModel initialized
DEBUG - 2025-06-11 17:55:32 --> Database connection status: Connected
DEBUG - 2025-06-11 17:55:32 --> Loading dashboard with 4 certificates
DEBUG - 2025-06-11 17:55:44 --> AuthFilter: Checking session data
DEBUG - 2025-06-11 17:55:44 --> Session: Class initialized using 'CodeIgniter\Session\Handlers\FileHandler' driver.
DEBUG - 2025-06-11 17:55:44 --> AuthFilter: Session data = {"__ci_last_regenerate":1749644548,"_ci_previous_url":"http:\/\/localhost:8080\/admin\/dashboard","admin_id":"1","admin_username":"admin","admin_logged_in":true}
DEBUG - 2025-06-11 17:55:44 --> AuthFilter: User is logged in, proceeding
DEBUG - 2025-06-11 17:55:44 --> AdminModel initialized
DEBUG - 2025-06-11 17:55:44 --> Database connection status: Connected
DEBUG - 2025-06-11 17:55:44 --> Loading dashboard with 4 certificates
DEBUG - 2025-06-11 17:55:50 --> AuthFilter: Checking session data
DEBUG - 2025-06-11 17:55:50 --> Session: Class initialized using 'CodeIgniter\Session\Handlers\FileHandler' driver.
DEBUG - 2025-06-11 17:55:50 --> AuthFilter: Session data = {"__ci_last_regenerate":1749644548,"_ci_previous_url":"http:\/\/localhost:8080\/admin\/dashboard","admin_id":"1","admin_username":"admin","admin_logged_in":true}
DEBUG - 2025-06-11 17:55:50 --> AuthFilter: User is logged in, proceeding
DEBUG - 2025-06-11 17:55:50 --> AdminModel initialized
DEBUG - 2025-06-11 17:55:50 --> Database connection status: Connected
DEBUG - 2025-06-11 17:55:50 --> Loading dashboard with 4 certificates
DEBUG - 2025-06-11 17:56:03 --> AuthFilter: Checking session data
DEBUG - 2025-06-11 17:56:03 --> Session: Class initialized using 'CodeIgniter\Session\Handlers\FileHandler' driver.
DEBUG - 2025-06-11 17:56:03 --> AuthFilter: Session data = {"__ci_last_regenerate":1749644548,"_ci_previous_url":"http:\/\/localhost:8080\/admin\/dashboard","admin_id":"1","admin_username":"admin","admin_logged_in":true}
DEBUG - 2025-06-11 17:56:03 --> AuthFilter: User is logged in, proceeding
DEBUG - 2025-06-11 17:56:03 --> AdminModel initialized
DEBUG - 2025-06-11 17:56:03 --> Database connection status: Connected
DEBUG - 2025-06-11 17:56:03 --> Request Method: POST
DEBUG - 2025-06-11 17:56:03 --> Request Headers: {"Content-Type":{},"Host":{},"User-Agent":{},"Accept":{},"Accept-Language":{},"Accept-Encoding":{},"Content-Length":{},"Origin":{},"Dnt":{},"Sec-Gpc":{},"Connection":{},"Referer":{},"Cookie":{},"Upgrade-Insecure-Requests":{},"Sec-Fetch-Dest":{},"Sec-Fetch-Mode":{},"Sec-Fetch-Site":{},"Sec-Fetch-User":{},"Priority":{}}
DEBUG - 2025-06-11 17:56:03 --> POST Data: {"csrf_test_name":"f21f0c4c8b0627e35bcfe049d7802fa5","_method":"POST","name":"aa","certificate_number":"aa","designation":"aa","work_from_date":"2025-06-03","work_to_date":"2025-06-11"}
DEBUG - 2025-06-11 17:56:03 --> FILES Data: {"certificate_image":{}}
DEBUG - 2025-06-11 17:56:03 --> Image uploaded successfully: writable/uploads/certificates/1749644763_5f8f124ad17f7d38f549.jpeg
DEBUG - 2025-06-11 17:56:03 --> Inserting certificate data: {"name":"aa","certificate_number":"aa","designation":"aa","work_from_date":"2025-06-03","work_to_date":"2025-06-11","image_path":"writable\/uploads\/certificates\/1749644763_5f8f124ad17f7d38f549.jpeg"}
ERROR - 2025-06-11 17:56:03 --> Failed to insert certificate: {"name":"Name must be at least 3 characters long","certificate_number":"Certificate number must be at least 3 characters long","designation":"Designation must be at least 3 characters long"}
DEBUG - 2025-06-11 17:56:03 --> AuthFilter: Checking session data
DEBUG - 2025-06-11 17:56:03 --> Session: Class initialized using 'CodeIgniter\Session\Handlers\FileHandler' driver.
DEBUG - 2025-06-11 17:56:03 --> AuthFilter: Session data = {"__ci_last_regenerate":1749644548,"_ci_previous_url":"http:\/\/localhost:8080\/admin\/dashboard","admin_id":"1","admin_username":"admin","admin_logged_in":true}
DEBUG - 2025-06-11 17:56:03 --> AuthFilter: User is logged in, proceeding
DEBUG - 2025-06-11 17:56:03 --> AdminModel initialized
DEBUG - 2025-06-11 17:56:03 --> Database connection status: Connected
DEBUG - 2025-06-11 17:56:03 --> Loading dashboard with 4 certificates
DEBUG - 2025-06-11 17:58:35 --> AuthFilter: Checking session data
DEBUG - 2025-06-11 17:58:35 --> Session: Class initialized using 'CodeIgniter\Session\Handlers\FileHandler' driver.
DEBUG - 2025-06-11 17:58:35 --> AuthFilter: Session data = {"__ci_last_regenerate":1749644915,"_ci_previous_url":"http:\/\/localhost:8080\/admin\/dashboard","admin_id":"1","admin_username":"admin","admin_logged_in":true}
DEBUG - 2025-06-11 17:58:35 --> AuthFilter: User is logged in, proceeding
DEBUG - 2025-06-11 17:58:35 --> AdminModel initialized
DEBUG - 2025-06-11 17:58:35 --> Database connection status: Connected
DEBUG - 2025-06-11 17:58:35 --> Loading dashboard with 4 certificates
DEBUG - 2025-06-11 17:58:49 --> AuthFilter: Checking session data
DEBUG - 2025-06-11 17:58:49 --> Session: Class initialized using 'CodeIgniter\Session\Handlers\FileHandler' driver.
DEBUG - 2025-06-11 17:58:49 --> AuthFilter: Session data = {"__ci_last_regenerate":1749644915,"_ci_previous_url":"http:\/\/localhost:8080\/admin\/dashboard","admin_id":"1","admin_username":"admin","admin_logged_in":true}
DEBUG - 2025-06-11 17:58:49 --> AuthFilter: User is logged in, proceeding
DEBUG - 2025-06-11 17:58:49 --> AdminModel initialized
DEBUG - 2025-06-11 17:58:49 --> Database connection status: Connected
DEBUG - 2025-06-11 17:58:49 --> AuthFilter: Checking session data
DEBUG - 2025-06-11 17:58:49 --> Session: Class initialized using 'CodeIgniter\Session\Handlers\FileHandler' driver.
DEBUG - 2025-06-11 17:58:49 --> AuthFilter: Session data = {"__ci_last_regenerate":1749644915,"_ci_previous_url":"http:\/\/localhost:8080\/admin\/dashboard","admin_id":"1","admin_username":"admin","admin_logged_in":true}
DEBUG - 2025-06-11 17:58:49 --> AuthFilter: User is logged in, proceeding
DEBUG - 2025-06-11 17:58:49 --> AdminModel initialized
DEBUG - 2025-06-11 17:58:49 --> Database connection status: Connected
DEBUG - 2025-06-11 17:58:49 --> Loading dashboard with 4 certificates
DEBUG - 2025-06-11 17:59:04 --> AuthFilter: Checking session data
DEBUG - 2025-06-11 17:59:04 --> Session: Class initialized using 'CodeIgniter\Session\Handlers\FileHandler' driver.
DEBUG - 2025-06-11 17:59:04 --> AuthFilter: Session data = {"__ci_last_regenerate":1749644915,"_ci_previous_url":"http:\/\/localhost:8080\/admin\/dashboard","admin_id":"1","admin_username":"admin","admin_logged_in":true}
DEBUG - 2025-06-11 17:59:04 --> AuthFilter: User is logged in, proceeding
DEBUG - 2025-06-11 17:59:04 --> AdminModel initialized
DEBUG - 2025-06-11 17:59:04 --> Database connection status: Connected
DEBUG - 2025-06-11 17:59:04 --> Loading dashboard with 4 certificates
DEBUG - 2025-06-11 17:59:21 --> AuthFilter: Checking session data
DEBUG - 2025-06-11 17:59:21 --> Session: Class initialized using 'CodeIgniter\Session\Handlers\FileHandler' driver.
DEBUG - 2025-06-11 17:59:21 --> AuthFilter: Session data = {"__ci_last_regenerate":1749644915,"_ci_previous_url":"http:\/\/localhost:8080\/admin\/dashboard","admin_id":"1","admin_username":"admin","admin_logged_in":true}
DEBUG - 2025-06-11 17:59:21 --> AuthFilter: User is logged in, proceeding
DEBUG - 2025-06-11 17:59:21 --> AdminModel initialized
DEBUG - 2025-06-11 17:59:21 --> Database connection status: Connected
DEBUG - 2025-06-11 17:59:21 --> AuthFilter: Checking session data
DEBUG - 2025-06-11 17:59:21 --> Session: Class initialized using 'CodeIgniter\Session\Handlers\FileHandler' driver.
DEBUG - 2025-06-11 17:59:21 --> AuthFilter: Session data = {"__ci_last_regenerate":1749644915,"_ci_previous_url":"http:\/\/localhost:8080\/admin\/dashboard","admin_id":"1","admin_username":"admin","admin_logged_in":true}
DEBUG - 2025-06-11 17:59:21 --> AuthFilter: User is logged in, proceeding
DEBUG - 2025-06-11 17:59:21 --> AdminModel initialized
DEBUG - 2025-06-11 17:59:21 --> Database connection status: Connected
DEBUG - 2025-06-11 17:59:21 --> Loading dashboard with 4 certificates
DEBUG - 2025-06-11 17:59:44 --> AuthFilter: Checking session data
DEBUG - 2025-06-11 17:59:44 --> Session: Class initialized using 'CodeIgniter\Session\Handlers\FileHandler' driver.
DEBUG - 2025-06-11 17:59:44 --> AuthFilter: Session data = {"__ci_last_regenerate":1749644915,"_ci_previous_url":"http:\/\/localhost:8080\/admin\/dashboard","admin_id":"1","admin_username":"admin","admin_logged_in":true}
DEBUG - 2025-06-11 17:59:44 --> AuthFilter: User is logged in, proceeding
DEBUG - 2025-06-11 17:59:44 --> AdminModel initialized
DEBUG - 2025-06-11 17:59:44 --> Database connection status: Connected
DEBUG - 2025-06-11 17:59:44 --> AuthFilter: Checking session data
DEBUG - 2025-06-11 17:59:44 --> Session: Class initialized using 'CodeIgniter\Session\Handlers\FileHandler' driver.
DEBUG - 2025-06-11 17:59:44 --> AuthFilter: Session data = {"__ci_last_regenerate":1749644915,"_ci_previous_url":"http:\/\/localhost:8080\/admin\/dashboard","admin_id":"1","admin_username":"admin","admin_logged_in":true}
DEBUG - 2025-06-11 17:59:44 --> AuthFilter: User is logged in, proceeding
DEBUG - 2025-06-11 17:59:44 --> AdminModel initialized
DEBUG - 2025-06-11 17:59:44 --> Database connection status: Connected
DEBUG - 2025-06-11 17:59:44 --> Loading dashboard with 4 certificates
DEBUG - 2025-06-11 18:00:01 --> AuthFilter: Checking session data
DEBUG - 2025-06-11 18:00:01 --> Session: Class initialized using 'CodeIgniter\Session\Handlers\FileHandler' driver.
DEBUG - 2025-06-11 18:00:01 --> AuthFilter: Session data = {"__ci_last_regenerate":1749644915,"_ci_previous_url":"http:\/\/localhost:8080\/admin\/dashboard","admin_id":"1","admin_username":"admin","admin_logged_in":true}
DEBUG - 2025-06-11 18:00:01 --> AuthFilter: User is logged in, proceeding
DEBUG - 2025-06-11 18:00:01 --> AdminModel initialized
DEBUG - 2025-06-11 18:00:01 --> Database connection status: Connected
DEBUG - 2025-06-11 18:00:01 --> Loading dashboard with 4 certificates
DEBUG - 2025-06-11 18:00:12 --> AuthFilter: Checking session data
DEBUG - 2025-06-11 18:00:12 --> Session: Class initialized using 'CodeIgniter\Session\Handlers\FileHandler' driver.
DEBUG - 2025-06-11 18:00:12 --> AuthFilter: Session data = {"__ci_last_regenerate":1749644915,"_ci_previous_url":"http:\/\/localhost:8080\/admin\/dashboard","admin_id":"1","admin_username":"admin","admin_logged_in":true}
DEBUG - 2025-06-11 18:00:12 --> AuthFilter: User is logged in, proceeding
DEBUG - 2025-06-11 18:00:12 --> AdminModel initialized
DEBUG - 2025-06-11 18:00:12 --> Database connection status: Connected
DEBUG - 2025-06-11 18:00:12 --> Loading dashboard with 4 certificates
DEBUG - 2025-06-11 18:00:29 --> AuthFilter: Checking session data
DEBUG - 2025-06-11 18:00:29 --> Session: Class initialized using 'CodeIgniter\Session\Handlers\FileHandler' driver.
DEBUG - 2025-06-11 18:00:29 --> AuthFilter: Session data = {"__ci_last_regenerate":1749644915,"_ci_previous_url":"http:\/\/localhost:8080\/admin\/dashboard","admin_id":"1","admin_username":"admin","admin_logged_in":true}
DEBUG - 2025-06-11 18:00:29 --> AuthFilter: User is logged in, proceeding
DEBUG - 2025-06-11 18:00:29 --> AdminModel initialized
DEBUG - 2025-06-11 18:00:29 --> Database connection status: Connected
DEBUG - 2025-06-11 18:00:29 --> AuthFilter: Checking session data
DEBUG - 2025-06-11 18:00:29 --> Session: Class initialized using 'CodeIgniter\Session\Handlers\FileHandler' driver.
DEBUG - 2025-06-11 18:00:29 --> AuthFilter: Session data = {"__ci_last_regenerate":1749644915,"_ci_previous_url":"http:\/\/localhost:8080\/admin\/dashboard","admin_id":"1","admin_username":"admin","admin_logged_in":true}
DEBUG - 2025-06-11 18:00:29 --> AuthFilter: User is logged in, proceeding
DEBUG - 2025-06-11 18:00:29 --> AdminModel initialized
DEBUG - 2025-06-11 18:00:29 --> Database connection status: Connected
DEBUG - 2025-06-11 18:00:29 --> Loading dashboard with 4 certificates
DEBUG - 2025-06-11 18:00:46 --> AuthFilter: Checking session data
DEBUG - 2025-06-11 18:00:46 --> Session: Class initialized using 'CodeIgniter\Session\Handlers\FileHandler' driver.
DEBUG - 2025-06-11 18:00:46 --> AuthFilter: Session data = {"__ci_last_regenerate":1749644915,"_ci_previous_url":"http:\/\/localhost:8080\/admin\/dashboard","admin_id":"1","admin_username":"admin","admin_logged_in":true}
DEBUG - 2025-06-11 18:00:46 --> AuthFilter: User is logged in, proceeding
DEBUG - 2025-06-11 18:00:46 --> AdminModel initialized
DEBUG - 2025-06-11 18:00:46 --> Database connection status: Connected
DEBUG - 2025-06-11 18:00:46 --> Loading dashboard with 4 certificates
